[ 2018-02-24T19:04:35+08:00 ] 127.0.0.1 /MovieProject/Public/Home/Css/moviemouse_header.css
INFO: [ app_init ] --START--
INFO: Run Behavior\BuildLiteBehavior [ RunTime:0.000006s ]
INFO: [ app_init ] --END-- [ RunTime:0.000282s ]
ERR: Êó†Ê≥ïÂä†ËΩΩÊ®°Âùó:MovieProject

[ 2018-02-24T19:04:35+08:00 ] 127.0.0.1 /MovieProject/Public/Home/Css/hotshowinglist.css
INFO: [ app_init ] --START--
INFO: Run Behavior\BuildLiteBehavior [ RunTime:0.000011s ]
INFO: [ app_init ] --END-- [ RunTime:0.000737s ]
ERR: Êó†Ê≥ïÂä†ËΩΩÊ®°Âùó:MovieProject

[ 2018-02-24T19:04:35+08:00 ] 127.0.0.1 /MovieProject/Public/Home/Css/moviemouse_footer.css
INFO: [ app_init ] --START--
INFO: Run Behavior\BuildLiteBehavior [ RunTime:0.000013s ]
INFO: [ app_init ] --END-- [ RunTime:0.000439s ]
ERR: Êó†Ê≥ïÂä†ËΩΩÊ®°Âùó:MovieProject

[ 2018-02-24T19:04:35+08:00 ] 127.0.0.1 /MovieProject/Public/Home/Images/fixation/FixationTop/login.png
INFO: [ app_init ] --START--
INFO: Run Behavior\BuildLiteBehavior [ RunTime:0.000007s ]
INFO: [ app_init ] --END-- [ RunTime:0.000254s ]
ERR: Êó†Ê≥ïÂä†ËΩΩÊ®°Âùó:MovieProject

[ 2018-02-24T19:04:35+08:00 ] 127.0.0.1 /MovieProject/Public/Home/Images/other/Billboard/hotshowing/numberone.jpg
INFO: [ app_init ] --START--
INFO: Run Behavior\BuildLiteBehavior [ RunTime:0.000006s ]
INFO: [ app_init ] --END-- [ RunTime:0.000241s ]
ERR: Êó†Ê≥ïÂä†ËΩΩÊ®°Âùó:MovieProject

[ 2018-02-24T19:04:35+08:00 ] 127.0.0.1 /MovieProject/Public/Home/Images/other/Billboard/AmericanBoxOffice/nannabeier2-1.png
INFO: [ app_init ] --START--
INFO: Run Behavior\BuildLiteBehavior [ RunTime:0.000005s ]
INFO: [ app_init ] --END-- [ RunTime:0.000234s ]
ERR: Êó†Ê≥ïÂä†ËΩΩÊ®°Âùó:MovieProject

[ 2018-02-24T19:04:35+08:00 ] 127.0.0.1 /favicon.ico
INFO: [ app_init ] --START--
INFO: Run Behavior\BuildLiteBehavior [ RunTime:0.000006s ]
INFO: [ app_init ] --END-- [ RunTime:0.000297s ]
ERR: Êó†Ê≥ïÂä†ËΩΩÊ®°Âùó:Favicon

[ 2018-02-24T19:05:19+08:00 ] 127.0.0.1 /MovieProject/Public/Home/Css/moviemouse_header.css
INFO: [ app_init ] --START--
INFO: Run Behavior\BuildLiteBehavior [ RunTime:0.000010s ]
INFO: [ app_init ] --END-- [ RunTime:0.000306s ]
ERR: Êó†Ê≥ïÂä†ËΩΩÊ®°Âùó:MovieProject

[ 2018-02-24T19:05:19+08:00 ] 127.0.0.1 /MovieProject/Public/Home/Css/hotshowinglist.css
INFO: [ app_init ] --START--
INFO: Run Behavior\BuildLiteBehavior [ RunTime:0.000006s ]
INFO: [ app_init ] --END-- [ RunTime:0.000249s ]
ERR: Êó†Ê≥ïÂä†ËΩΩÊ®°Âùó:MovieProject

[ 2018-02-24T19:05:19+08:00 ] 127.0.0.1 /MovieProject/Public/Home/Css/movieSort.css
INFO: [ app_init ] --START--
INFO: Run Behavior\BuildLiteBehavior [ RunTime:0.000006s ]
INFO: [ app_init ] --END-- [ RunTime:0.000248s ]
ERR: Êó†Ê≥ïÂä†ËΩΩÊ®°Âùó:MovieProject

[ 2018-02-24T19:05:19+08:00 ] 127.0.0.1 /MovieProject/Public/Home/Css/moviemouse_footer.css
INFO: [ app_init ] --START--
INFO: Run Behavior\BuildLiteBehavior [ RunTime:0.000012s ]
INFO: [ app_init ] --END-- [ RunTime:0.000551s ]
ERR: Êó†Ê≥ïÂä†ËΩΩÊ®°Âùó:MovieProject

[ 2018-02-24T19:05:19+08:00 ] 127.0.0.1 /MovieProject/Public/Home/Images/fixation/FixationTop/login.png
INFO: [ app_init ] --START--
INFO: Run Behavior\BuildLiteBehavior [ RunTime:0.000010s ]
INFO: [ app_init ] --END-- [ RunTime:0.000270s ]
ERR: Êó†Ê≥ïÂä†ËΩΩÊ®°Âùó:MovieProject

[ 2018-02-24T19:05:19+08:00 ] 127.0.0.1 /MovieProject/Public/Home/Images/other/Billboard/hotshowing/zhanlang1.jpg
INFO: [ app_init ] --START--
INFO: Run Behavior\BuildLiteBehavior [ RunTime:0.000010s ]
INFO: [ app_init ] --END-- [ RunTime:0.000294s ]
ERR: Êó†Ê≥ïÂä†ËΩΩÊ®°Âùó:MovieProject

[ 2018-02-24T19:05:19+08:00 ] 127.0.0.1 /MovieProject/Public/Home/Images/other/Billboard/hotshowing/numberone.jpg
INFO: [ app_init ] --START--
INFO: Run Behavior\BuildLiteBehavior [ RunTime:0.000009s ]
INFO: [ app_init ] --END-- [ RunTime:0.000398s ]
ERR: Êó†Ê≥ïÂä†ËΩΩÊ®°Âùó:MovieProject

[ 2018-02-24T19:05:19+08:00 ] 127.0.0.1 /MovieProject/Public/Home/Images/other/Billboard/hotshowing/xuezhanxiangjiang2.jpg
INFO: [ app_init ] --START--
INFO: Run Behavior\BuildLiteBehavior [ RunTime:0.000007s ]
INFO: [ app_init ] --END-- [ RunTime:0.000347s ]
ERR: Êó†Ê≥ïÂä†ËΩΩÊ®°Âùó:MovieProject

[ 2018-02-24T19:05:19+08:00 ] 127.0.0.1 /MovieProject/Public/Home/Images/other/Billboard/hotshowing/woshimalibu5.png
INFO: [ app_init ] --START--
INFO: Run Behavior\BuildLiteBehavior [ RunTime:0.000007s ]
INFO: [ app_init ] --END-- [ RunTime:0.000309s ]
ERR: Êó†Ê≥ïÂä†ËΩΩÊ®°Âùó:MovieProject

[ 2018-02-24T19:05:19+08:00 ] 127.0.0.1 /MovieProject/Public/Home/Images/other/Billboard/hotshowing/atangqiyu7.jpg
INFO: [ app_init ] --START--
INFO: Run Behavior\BuildLiteBehavior [ RunTime:0.000023s ]
INFO: [ app_init ] --END-- [ RunTime:0.000377s ]
ERR: Êó†Ê≥ïÂä†ËΩΩÊ®°Âùó:MovieProject

[ 2018-02-24T19:05:19+08:00 ] 127.0.0.1 /MovieProject/Public/Home/Images/other/Billboard/hotshowing/shengtounaiba8.jpg
INFO: [ app_init ] --START--
INFO: Run Behavior\BuildLiteBehavior [ RunTime:0.000008s ]
INFO: [ app_init ] --END-- [ RunTime:0.000287s ]
ERR: Êó†Ê≥ïÂä†ËΩΩÊ®°Âùó:MovieProject

[ 2018-02-24T19:05:19+08:00 ] 127.0.0.1 /MovieProject/Public/Home/Images/other/Billboard/hotshowing/daxianglinwang6.jpg
INFO: [ app_init ] --START--
INFO: Run Behavior\BuildLiteBehavior [ RunTime:0.000007s ]
INFO: [ app_init ] --END-- [ RunTime:0.000450s ]
ERR: Êó†Ê≥ïÂä†ËΩΩÊ®°Âùó:MovieProject

[ 2018-02-24T19:05:19+08:00 ] 127.0.0.1 /MovieProject/Public/Home/Images/other/Billboard/hotshowing/jianjundaye4.jpg
INFO: [ app_init ] --START--
INFO: Run Behavior\BuildLiteBehavior [ RunTime:0.000011s ]
INFO: [ app_init ] --END-- [ RunTime:0.004793s ]
ERR: Êó†Ê≥ïÂä†ËΩΩÊ®°Âùó:MovieProject

[ 2018-02-24T19:05:19+08:00 ] 127.0.0.1 /MovieProject/Public/Home/Images/other/Billboard/hotshowing/shanguangshaonv3.jpg
INFO: [ app_init ] --START--
INFO: Run Behavior\BuildLiteBehavior [ RunTime:0.000006s ]
INFO: [ app_init ] --END-- [ RunTime:0.000317s ]
ERR: Êó†Ê≥ïÂä†ËΩΩÊ®°Âùó:MovieProject

[ 2018-02-24T19:05:19+08:00 ] 127.0.0.1 /MovieProject/Public/Home/Images/other/Billboard/hotshowing/gangrenboqi9.jpg
INFO: [ app_init ] --START--
INFO: Run Behavior\BuildLiteBehavior [ RunTime:0.000008s ]
INFO: [ app_init ] --END-- [ RunTime:0.000310s ]
ERR: Êó†Ê≥ïÂä†ËΩΩÊ®°Âùó:MovieProject

[ 2018-02-24T19:05:19+08:00 ] 127.0.0.1 /MovieProject/Public/Home/Images/other/Billboard/hotshowing/tutu10.jpg
INFO: [ app_init ] --START--
INFO: Run Behavior\BuildLiteBehavior [ RunTime:0.000006s ]
INFO: [ app_init ] --END-- [ RunTime:0.000290s ]
ERR: Êó†Ê≥ïÂä†ËΩΩÊ®°Âùó:MovieProject

[ 2018-02-24T19:05:20+08:00 ] 127.0.0.1 /MovieProject/Public/Home/Css/moviemouse_header.css
INFO: [ app_init ] --START--
INFO: Run Behavior\BuildLiteBehavior [ RunTime:0.000008s ]
INFO: [ app_init ] --END-- [ RunTime:0.000606s ]
ERR: Êó†Ê≥ïÂä†ËΩΩÊ®°Âùó:MovieProject

[ 2018-02-24T19:05:20+08:00 ] 127.0.0.1 /MovieProject/Public/Home/Css/moviemouse_footer.css
INFO: [ app_init ] --START--
INFO: Run Behavior\BuildLiteBehavior [ RunTime:0.000005s ]
INFO: [ app_init ] --END-- [ RunTime:0.000255s ]
ERR: Êó†Ê≥ïÂä†ËΩΩÊ®°Âùó:MovieProject

[ 2018-02-24T19:05:20+08:00 ] 127.0.0.1 /MovieProject/Public/Home/Css/hotshowinglist.css
INFO: [ app_init ] --START--
INFO: Run Behavior\BuildLiteBehavior [ RunTime:0.000010s ]
INFO: [ app_init ] --END-- [ RunTime:0.000329s ]
ERR: Êó†Ê≥ïÂä†ËΩΩÊ®°Âùó:MovieProject

[ 2018-02-24T19:05:20+08:00 ] 127.0.0.1 /MovieProject/Public/Home/Images/other/Billboard/AmericanBoxOffice/haifanjiemei6.png
INFO: [ app_init ] --START--
INFO: Run Behavior\BuildLiteBehavior [ RunTime:0.000006s ]
INFO: [ app_init ] --END-- [ RunTime:0.000486s ]
ERR: Êó†Ê≥ïÂä†ËΩΩÊ®°Âùó:MovieProject

[ 2018-02-24T19:05:20+08:00 ] 127.0.0.1 /MovieProject/Public/Home/Images/fixation/FixationTop/login.png
INFO: [ app_init ] --START--
INFO: Run Behavior\BuildLiteBehavior [ RunTime:0.000009s ]
INFO: [ app_init ] --END-- [ RunTime:0.000319s ]
ERR: Êó†Ê≥ïÂä†ËΩΩÊ®°Âùó:MovieProject

[ 2018-02-24T19:05:21+08:00 ] 127.0.0.1 /MovieProject/Public/Home/Css/movieSort.css
INFO: [ app_init ] --START--
INFO: Run Behavior\BuildLiteBehavior [ RunTime:0.000006s ]
INFO: [ app_init ] --END-- [ RunTime:0.000260s ]
ERR: Êó†Ê≥ïÂä†ËΩΩÊ®°Âùó:MovieProject

[ 2018-02-24T19:05:21+08:00 ] 127.0.0.1 /MovieProject/Public/Home/Css/moviemouse_header.css
INFO: [ app_init ] --START--
INFO: Run Behavior\BuildLiteBehavior [ RunTime:0.000004s ]
INFO: [ app_init ] --END-- [ RunTime:0.000233s ]
ERR: Êó†Ê≥ïÂä†ËΩΩÊ®°Âùó:MovieProject

[ 2018-02-24T19:05:21+08:00 ] 127.0.0.1 /MovieProject/Public/Home/Css/moviemouse_footer.css
INFO: [ app_init ] --START--
INFO: Run Behavior\BuildLiteBehavior [ RunTime:0.000005s ]
INFO: [ app_init ] --END-- [ RunTime:0.000274s ]
ERR: Êó†Ê≥ïÂä†ËΩΩÊ®°Âùó:MovieProject

[ 2018-02-24T19:05:21+08:00 ] 127.0.0.1 /MovieProject/Public/Home/Images/fixation/FixationTop/login.png
INFO: [ app_init ] --START--
INFO: Run Behavior\BuildLiteBehavior [ RunTime:0.000025s ]
INFO: [ app_init ] --END-- [ RunTime:0.000490s ]
ERR: Êó†Ê≥ïÂä†ËΩΩÊ®°Âùó:MovieProject

[ 2018-02-24T19:05:22+08:00 ] 127.0.0.1 /MovieProject/Public/Home/Images/other/Billboard/hotshowing/numberone.jpg
INFO: [ app_init ] --START--
INFO: Run Behavior\BuildLiteBehavior [ RunTime:0.000008s ]
INFO: [ app_init ] --END-- [ RunTime:0.000267s ]
ERR: Êó†Ê≥ïÂä†ËΩΩÊ®°Âùó:MovieProject

[ 2018-02-24T19:05:22+08:00 ] 127.0.0.1 /MovieProject/Public/Home/Css/moviemouse_header.css
INFO: [ app_init ] --START--
INFO: Run Behavior\BuildLiteBehavior [ RunTime:0.000007s ]
INFO: [ app_init ] --END-- [ RunTime:0.000300s ]
ERR: Êó†Ê≥ïÂä†ËΩΩÊ®°Âùó:MovieProject

[ 2018-02-24T19:05:22+08:00 ] 127.0.0.1 /MovieProject/Public/Home/Css/hotshowinglist.css
INFO: [ app_init ] --START--
INFO: Run Behavior\BuildLiteBehavior [ RunTime:0.000006s ]
INFO: [ app_init ] --END-- [ RunTime:0.000305s ]
ERR: Êó†Ê≥ïÂä†ËΩΩÊ®°Âùó:MovieProject

[ 2018-02-24T19:05:22+08:00 ] 127.0.0.1 /MovieProject/Public/Home/Images/fixation/FixationTop/login.png
INFO: [ app_init ] --START--
INFO: Run Behavior\BuildLiteBehavior [ RunTime:0.000005s ]
INFO: [ app_init ] --END-- [ RunTime:0.000260s ]
ERR: Êó†Ê≥ïÂä†ËΩΩÊ®°Âùó:MovieProject

[ 2018-02-24T19:05:22+08:00 ] 127.0.0.1 /MovieProject/Public/Home/Css/moviemouse_footer.css
INFO: [ app_init ] --START--
INFO: Run Behavior\BuildLiteBehavior [ RunTime:0.000006s ]
INFO: [ app_init ] --END-- [ RunTime:0.000256s ]
ERR: Êó†Ê≥ïÂä†ËΩΩÊ®°Âùó:MovieProject

[ 2018-02-24T19:05:22+08:00 ] 127.0.0.1 /MovieProject/Public/Home/Images/other/Billboard/AmericanBoxOffice/nannabeier2-1.png
INFO: [ app_init ] --START--
INFO: Run Behavior\BuildLiteBehavior [ RunTime:0.000007s ]
INFO: [ app_init ] --END-- [ RunTime:0.000300s ]
ERR: Êó†Ê≥ïÂä†ËΩΩÊ®°Âùó:MovieProject

[ 2018-02-24T19:15:51+08:00 ] 127.0.0.1 /MovieProject/Public/Home/Css/moviemouse_header.css
INFO: [ app_init ] --START--
INFO: Run Behavior\BuildLiteBehavior [ RunTime:0.000006s ]
INFO: [ app_init ] --END-- [ RunTime:0.000268s ]
ERR: Êó†Ê≥ïÂä†ËΩΩÊ®°Âùó:MovieProject

[ 2018-02-24T19:15:51+08:00 ] 127.0.0.1 /MovieProject/Public/Home/Css/hotshowinglist.css
INFO: [ app_init ] --START--
INFO: Run Behavior\BuildLiteBehavior [ RunTime:0.000008s ]
INFO: [ app_init ] --END-- [ RunTime:0.000465s ]
ERR: Êó†Ê≥ïÂä†ËΩΩÊ®°Âùó:MovieProject

[ 2018-02-24T19:15:51+08:00 ] 127.0.0.1 /MovieProject/Public/Home/Css/moviemouse_footer.css
INFO: [ app_init ] --START--
INFO: Run Behavior\BuildLiteBehavior [ RunTime:0.000007s ]
INFO: [ app_init ] --END-- [ RunTime:0.000300s ]
ERR: Êó†Ê≥ïÂä†ËΩΩÊ®°Âùó:MovieProject

[ 2018-02-24T19:15:51+08:00 ] 127.0.0.1 /MovieProject/Public/Home/Images/other/Billboard/AmericanBoxOffice/nannabeier2-1.png
INFO: [ app_init ] --START--
INFO: Run Behavior\BuildLiteBehavior [ RunTime:0.000008s ]
INFO: [ app_init ] --END-- [ RunTime:0.000328s ]
ERR: Êó†Ê≥ïÂä†ËΩΩÊ®°Âùó:MovieProject

[ 2018-02-24T19:15:51+08:00 ] 127.0.0.1 /MovieProject/Public/Home/Images/fixation/FixationTop/login.png
INFO: [ app_init ] --START--
INFO: Run Behavior\BuildLiteBehavior [ RunTime:0.000009s ]
INFO: [ app_init ] --END-- [ RunTime:0.000300s ]
ERR: Êó†Ê≥ïÂä†ËΩΩÊ®°Âùó:MovieProject

[ 2018-02-24T19:15:51+08:00 ] 127.0.0.1 /MovieProject/Public/Home/Images/other/Billboard/hotshowing/numberone.jpg
INFO: [ app_init ] --START--
INFO: Run Behavior\BuildLiteBehavior [ RunTime:0.000007s ]
INFO: [ app_init ] --END-- [ RunTime:0.000307s ]
ERR: Êó†Ê≥ïÂä†ËΩΩÊ®°Âùó:MovieProject

[ 2018-02-24T19:15:51+08:00 ] 127.0.0.1 /MovieProject/Public/Home/Css/hotshowinglist.css
INFO: [ app_init ] --START--
INFO: Run Behavior\BuildLiteBehavior [ RunTime:0.000006s ]
INFO: [ app_init ] --END-- [ RunTime:0.000261s ]
ERR: Êó†Ê≥ïÂä†ËΩΩÊ®°Âùó:MovieProject

[ 2018-02-24T19:15:51+08:00 ] 127.0.0.1 /MovieProject/Public/Home/Css/moviemouse_header.css
INFO: [ app_init ] --START--
INFO: Run Behavior\BuildLiteBehavior [ RunTime:0.000006s ]
INFO: [ app_init ] --END-- [ RunTime:0.000329s ]
ERR: Êó†Ê≥ïÂä†ËΩΩÊ®°Âùó:MovieProject

[ 2018-02-24T19:15:51+08:00 ] 127.0.0.1 /MovieProject/Public/Home/Css/moviemouse_footer.css
INFO: [ app_init ] --START--
INFO: Run Behavior\BuildLiteBehavior [ RunTime:0.000005s ]
INFO: [ app_init ] --END-- [ RunTime:0.000262s ]
ERR: Êó†Ê≥ïÂä†ËΩΩÊ®°Âùó:MovieProject

[ 2018-02-24T19:15:51+08:00 ] 127.0.0.1 /MovieProject/Public/Home/Images/fixation/FixationTop/login.png
INFO: [ app_init ] --START--
INFO: Run Behavior\BuildLiteBehavior [ RunTime:0.000011s ]
INFO: [ app_init ] --END-- [ RunTime:0.000333s ]
ERR: Êó†Ê≥ïÂä†ËΩΩÊ®°Âùó:MovieProject

°Âùó:MovieProject

[ 2018-02-24T19:15:51+08:00 ] 127.0.0.1 /MovieProject/Public/Home/Images/other/Billboard/hotshowing/numberone.jpg
INFO: [ app_init ] --START--
INFO: Run Behavior\BuildLiteBehavior [ RunTime:0.000022s ]
INFO: [ app_init ] --END-- [ RunTime:0.000365s ]
ERR: Êó†Ê≥ïÂä†ËΩΩÊ®°Âùó:MovieProject

[ 2018-02-24T19:15:52+08:00 ] 127.0.0.1 /MovieProject/Public/Home/Css/hotshowinglist.css
INFO: [ app_init ] --START--
INFO: Run Behavior\BuildLiteBehavior [ RunTime:0.000006s ]
INFO: [ app_init ] --END-- [ RunTime:0.000265s ]
ERR: Êó†Ê≥ïÂä†ËΩΩÊ®°Âùó:MovieProject

[ 2018-02-24T19:15:52+08:00 ] 127.0.0.1 /MovieProject/Public/Home/Css/moviemouse_footer.css
INFO: [ app_init ] --START--
INFO: Run Behavior\BuildLiteBehavior [ RunTime:0.000005s ]
INFO: [ app_init ] --END-- [ RunTime:0.000352s ]
ERR: Êó†Ê≥ïÂä†ËΩΩÊ®°Âùó:MovieProject

†Ê≥ïÂä†ËΩΩÊ®°Âùó:MovieProject

[ 2018-02-24T19:15:52+08:00 ] 127.0.0.1 /MovieProject/Public/Home/Images/other/Billboard/hotshowing/numberone.jpg
INFO: [ app_init ] --START--
INFO: Run Behavior\BuildLiteBehavior [ RunTime:0.000005s ]
INFO: [ app_init ] --END-- [ RunTime:0.000276s ]
ERR: Êó†Ê≥ïÂä†ËΩΩÊ®°Âùó:MovieProject

[ 2018-02-24T19:15:52+08:00 ] 127.0.0.1 /MovieProject/Public/Home/Css/moviemouse_header.css
INFO: [ app_init ] --START--
INFO: Run Behavior\BuildLiteBehavior [ RunTime:0.000007s ]
INFO: [ app_init ] --END-- [ RunTime:0.000419s ]
ERR: Êó†Ê≥ïÂä†ËΩΩÊ®°Âùó:MovieProject

[ 2018-02-24T19:15:52+08:00 ] 127.0.0.1 /MovieProject/Public/Home/Images/fixation/FixationTop/login.png
INFO: [ app_init ] --START--
INFO: Run Behavior\BuildLiteBehavior [ RunTime:0.000022s ]
INFO: [ app_init ] --END-- [ RunTime:0.000431s ]
ERR: Êó†Ê≥ïÂä†ËΩΩÊ®°Âùó:MovieProject

[ 2018-02-24T19:15:52+08:00 ] 127.0.0.1 /MovieProject/Public/Home/Css/moviemouse_header.css
INFO: [ app_init ] --START--
INFO: Run Behavior\BuildLiteBehavior [ RunTime:0.000009s ]
INFO: [ app_init ] --END-- [ RunTime:0.000603s ]
ERR: Êó†Ê≥ïÂä†ËΩΩÊ®°Âùó:MovieProject

[ 2018-02-24T19:15:52+08:00 ] 127.0.0.1 /MovieProject/Public/Home/Images/fixation/FixationTop/login.png
INFO: [ app_init ] --START--
INFO: Run Behavior\BuildLiteBehavior [ RunTime:0.000006s ]
INFO: [ app_init ] --END-- [ RunTime:0.000261s ]
ERR: Êó†Ê≥ïÂä†ËΩΩÊ®°Âùó:MovieProject

[ 2018-02-24T19:15:52+08:00 ] 127.0.0.1 /MovieProject/Public/Home/Css/hotshowinglist.css
INFO: [ app_init ] --START--
INFO: Run Behavior\BuildLiteBehavior [ RunTime:0.000008s ]
INFO: [ app_init ] --END-- [ RunTime:0.000348s ]
ERR: Êó†Ê≥ïÂä†ËΩΩÊ®°Âùó:MovieProject

[ 2018-02-24T19:15:52+08:00 ] 127.0.0.1 /MovieProject/Public/Home/Images/other/Billboard/AmericanBoxOffice/nannabeier2-1.png
INFO: [ app_init ] --START--
INFO: Run Behavior\BuildLiteBehavior [ RunTime:0.000017s ]
INFO: [ app_init ] --END-- [ RunTime:0.000318s ]
ERR: Êó†Ê≥ïÂä†ËΩΩÊ®°Âùó:MovieProject

[ 2018-02-24T19:15:52+08:00 ] 127.0.0.1 /MovieProject/Public/Home/Images/other/Billboard/hotshowing/numberone.jpg
INFO: [ app_init ] --START--
INFO: Run Behavior\BuildLiteBehavior [ RunTime:0.000012s ]
INFO: [ app_init ] --END-- [ RunTime:0.000336s ]
ERR: Êó†Ê≥ïÂä†ËΩΩÊ®°Âùó:MovieProject

[ 2018-02-24T19:15:52+08:00 ] 127.0.0.1 /MovieProject/Public/Home/Css/moviemouse_footer.css
INFO: [ app_init ] --START--
INFO: Run Behavior\BuildLiteBehavior [ RunTime:0.000014s ]
INFO: [ app_init ] --END-- [ RunTime:0.002671s ]
ERR: Êó†Ê≥ïÂä†ËΩΩÊ®°Âùó:MovieProject

[ 2018-02-24T19:15:53+08:00 ] 127.0.0.1 /MovieProject/Public/Home/Css/moviemouse_header.css
INFO: [ app_init ] --START--
INFO: Run Behavior\BuildLiteBehavior [ RunTime:0.000006s ]
INFO: [ app_init ] --END-- [ RunTime:0.000280s ]
ERR: Êó†Ê≥ïÂä†ËΩΩÊ®°Âùó:MovieProject

[ 2018-02-24T19:15:53+08:00 ] 127.0.0.1 /MovieProject/Public/Home/Css/hotshowinglist.css
INFO: [ app_init ] --START--
INFO: Run Behavior\BuildLiteBehavior [ RunTime:0.000006s ]
INFO: [ app_init ] --END-- [ RunTime:0.000319s ]
ERR: Êó†Ê≥ïÂä†ËΩΩÊ®°Âùó:MovieProject

[ 2018-02-24T19:15:53+08:00 ] 127.0.0.1 /MovieProject/Public/Home/Css/moviemouse_footer.css
INFO: [ app_init ] --START--
INFO: Run Behavior\BuildLiteBehavior [ RunTime:0.000005s ]
INFO: [ app_init ] --END-- [ RunTime:0.000338s ]
ERR: Êó†Ê≥ïÂä†ËΩΩÊ®°Âùó:MovieProject

[ 2018-02-24T19:15:53+08:00 ] 127.0.0.1 /MovieProject/Public/Home/Images/other/Billboard/hotshowing/numberone.jpg
INFO: [ app_init ] --START--
INFO: Run Behavior\BuildLiteBehavior [ RunTime:0.000007s ]
INFO: [ app_init ] --END-- [ RunTime:0.000302s ]
ERR: Êó†Ê≥ïÂä†ËΩΩÊ®°Âùó:MovieProject

[ 2018-02-24T19:15:53+08:00 ] 127.0.0.1 /MovieProject/Public/Home/Images/other/Billboard/AmericanBoxOffice/nannabeier2-1.png
INFO: [ app_init ] --START--
INFO: Run Behavior\BuildLiteBehavior [ RunTime:0.000009s ]
INFO: [ app_init ] --END-- [ RunTime:0.000319s ]
ERR: Êó†Ê≥ïÂä†ËΩΩÊ®°Âùó:MovieProject

[ 2018-02-24T19:15:53+08:00 ] 127.0.0.1 /MovieProject/Public/Home/Css/moviemouse_header.css
INFO: [ app_init ] --START--
INFO: Run Behavior\BuildLiteBehavior [ RunTime:0.000007s ]
INFO: [ app_init ] --END-- [ RunTime:0.000322s ]
ERR: Êó†Ê≥ïÂä†ËΩΩÊ®°Âùó:MovieProject

[ 2018-02-24T19:15:53+08:00 ] 127.0.0.1 /MovieProject/Public/Home/Css/moviemouse_footer.css
INFO: [ app_init ] --START--
INFO: Run Behavior\BuildLiteBehavior [ RunTime:0.000006s ]
INFO: [ app_init ] --END-- [ RunTime:0.000330s ]
ERR: Êó†Ê≥ïÂä†ËΩΩÊ®°Âùó:MovieProject

[ 2018-02-24T19:15:53+08:00 ] 127.0.0.1 /MovieProject/Public/Home/Images/other/Billboard/hotshowing/numberone.jpg
INFO: [ app_init ] --START--
INFO: Run Behavior\BuildLiteBehavior [ RunTime:0.000009s ]
INFO: [ app_init ] --END-- [ RunTime:0.000295s ]
ERR: Êó†Ê≥ïÂä†ËΩΩÊ®°Âùó:MovieProject

[ 2018-02-24T19:15:53+08:00 ] 127.0.0.1 /MovieProject/Public/Home/Images/other/Billboard/AmericanBoxOffice/nannabeier2-1.png
INFO: [ app_init ] --START--
INFO: Run Behavior\BuildLiteBehavior [ RunTime:0.000009s ]
INFO: [ app_init ] --END-- [ RunTime:0.000372s ]
ERR: Êó†Ê≥ïÂä†ËΩΩÊ®°Âùó:MovieProject

[ 2018-02-24T19:15:53+08:00 ] 127.0.0.1 /MovieProject/Public/Home/Css/hotshowinglist.css
INFO: [ app_init ] --START--
INFO: Run Behavior\BuildLiteBehavior [ RunTime:0.000010s ]
INFO: [ app_init ] --END-- [ RunTime:0.000587s ]
ERR: Êó†Ê≥ïÂä†ËΩΩÊ®°Âùó:MovieProject

[ 2018-02-24T19:15:53+08:00 ] 127.0.0.1 /MovieProject/Public/Home/Images/fixation/FixationTop/login.png
INFO: [ app_init ] --START--
INFO: Run Behavior\BuildLiteBehavior [ RunTime:0.000012s ]
INFO: [ app_init ] --END-- [ RunTime:0.000488s ]
ERR: Êó†Ê≥ïÂä†ËΩΩÊ®°Âùó:MovieProject

[ 2018-02-24T19:25:06+08:00 ] 127.0.0.1 /MovieProject/Public/Home/Css/moviemouse_footer.css
INFO: [ app_init ] --START--
INFO: Run Behavior\BuildLiteBehavior [ RunTime:0.000006s ]
INFO: [ app_init ] --END-- [ RunTime:0.000321s ]
ERR: Êó†Ê≥ïÂä†ËΩΩÊ®°Âùó:MovieProject

[ 2018-02-24T19:26:45+08:00 ] 127.0.0.1 /MovieProject/Public/Home/Css/moviemouse_header.css
INFO: [ app_init ] --START--
INFO: Run Behavior\BuildLiteBehavior [ RunTime:0.000012s ]
INFO: [ app_init ] --END-- [ RunTime:0.000336s ]
ERR: Êó†Ê≥ïÂä†ËΩΩÊ®°Âùó:MovieProject

[ 2018-02-24T19:26:45+08:00 ] 127.0.0.1 /MovieProject/Public/Home/Css/hotshowinglist.css
INFO: [ app_init ] --START--
INFO: Run Behavior\BuildLiteBehavior [ RunTime:0.000006s ]
INFO: [ app_init ] --END-- [ RunTime:0.000264s ]
ERR: Êó†Ê≥ïÂä†ËΩΩÊ®°Âùó:MovieProject

[ 2018-02-24T19:26:45+08:00 ] 127.0.0.1 /MovieProject/Public/Home/Css/moviemouse_footer.css
INFO: [ app_init ] --START--
INFO: Run Behavior\BuildLiteBehavior [ RunTime:0.000011s ]
INFO: [ app_init ] --END-- [ RunTime:0.000287s ]
ERR: Êó†Ê≥ïÂä†ËΩΩÊ®°Âùó:MovieProject

[ 2018-02-24T19:26:45+08:00 ] 127.0.0.1 /MovieProject/Public/Home/Images/other/Billboard/hotshowing/numberone.jpg
INFO: [ app_init ] --START--
INFO: Run Behavior\BuildLiteBehavior [ RunTime:0.000007s ]
INFO: [ app_init ] --END-- [ RunTime:0.000331s ]
ERR: Êó†Ê≥ïÂä†ËΩΩÊ®°Âùó:MovieProject

Project

[ 2018-02-24T19:26:46+08:00 ] 127.0.0.1 /MovieProject/Public/Home/Css/moviemouse_header.css
INFO: [ app_init ] --START--
INFO: Run Behavior\BuildLiteBehavior [ RunTime:0.000006s ]
INFO: [ app_init ] --END-- [ RunTime:0.000259s ]
ERR: Êó†Ê≥ïÂä†ËΩΩÊ®°Âùó:MovieProject

[ 2018-02-24T19:26:46+08:00 ] 127.0.0.1 /MovieProject/Public/Home/Css/hotshowinglist.css
INFO: [ app_init ] --START--
INFO: Run Behavior\BuildLiteBehavior [ RunTime:0.000006s ]
INFO: [ app_init ] --END-- [ RunTime:0.000286s ]
ERR: Êó†Ê≥ïÂä†ËΩΩÊ®°Âùó:MovieProject

[ 2018-02-24T19:26:46+08:00 ] 127.0.0.1 /MovieProject/Public/Home/Images/other/Billboard/AmericanBoxOffice/nannabeier2-1.png
INFO: [ app_init ] --START--
INFO: Run Behavior\BuildLiteBehavior [ RunTime:0.000009s ]
INFO: [ app_init ] --END-- [ RunTime:0.000384s ]
ERR: Êó†Ê≥ïÂä†ËΩΩÊ®°Âùó:MovieProject

[ 2018-02-24T19:26:46+08:00 ] 127.0.0.1 /MovieProject/Public/Home/Css/moviemouse_footer.css
INFO: [ app_init ] --START--
INFO: Run Behavior\BuildLiteBehavior [ RunTime:0.000008s ]
INFO: [ app_init ] --END-- [ RunTime:0.000290s ]
ERR: Êó†Ê≥ïÂä†ËΩΩÊ®°Âùó:MovieProject

[ 2018-02-24T19:26:46+08:00 ] 127.0.0.1 /MovieProject/Public/Home/Images/other/Billboard/hotshowing/numberone.jpg
INFO: [ app_init ] --START--
INFO: Run Behavior\BuildLiteBehavior [ RunTime:0.000007s ]
INFO: [ app_init ] --END-- [ RunTime:0.000348s ]
ERR: Êó†Ê≥ïÂä†ËΩΩÊ®°Âùó:MovieProject

[ 2018-02-24T19:26:46+08:00 ] 127.0.0.1 /MovieProject/Public/Home/Images/fixation/FixationTop/login.png
INFO: [ app_init ] --START--
INFO: Run Behavior\BuildLiteBehavior [ RunTime:0.000008s ]
INFO: [ app_init ] --END-- [ RunTime:0.000363s ]
ERR: Êó†Ê≥ïÂä†ËΩΩÊ®°Âùó:MovieProject

[ 2018-02-24T19:26:47+08:00 ] 127.0.0.1 /MovieProject/Public/Home/Images/other/Billboard/hotshowing/numberone.jpg
INFO: [ app_init ] --START--
INFO: Run Behavior\BuildLiteBehavior [ RunTime:0.000018s ]
INFO: [ app_init ] --END-- [ RunTime:0.000384s ]
ERR: Êó†Ê≥ïÂä†ËΩΩÊ®°Âùó:MovieProject

[ 2018-02-24T19:26:47+08:00 ] 127.0.0.1 /MovieProject/Public/Home/Css/hotshowinglist.css
INFO: [ app_init ] --START--
INFO: Run Behavior\BuildLiteBehavior [ RunTime:0.000006s ]
INFO: [ app_init ] --END-- [ RunTime:0.000283s ]
ERR: Êó†Ê≥ïÂä†ËΩΩÊ®°Âùó:MovieProject

[ 2018-02-24T19:26:47+08:00 ] 127.0.0.1 /MovieProject/Public/Home/Images/fixation/FixationTop/login.png
INFO: [ app_init ] --START--
INFO: Run Behavior\BuildLiteBehavior [ RunTime:0.000008s ]
INFO: [ app_init ] --END-- [ RunTime:0.000253s ]
ERR: Êó†Ê≥ïÂä†ËΩΩÊ®°Âùó:MovieProject

[ 2018-02-24T19:26:47+08:00 ] 127.0.0.1 /MovieProject/Public/Home/Css/moviemouse_header.css
INFO: [ app_init ] --START--
INFO: Run Behavior\BuildLiteBehavior [ RunTime:0.000008s ]
INFO: [ app_init ] --END-- [ RunTime:0.000339s ]
ERR: Êó†Ê≥ïÂä†ËΩΩÊ®°Âùó:MovieProject

[ 2018-02-24T19:26:47+08:00 ] 127.0.0.1 /MovieProject/Public/Home/Images/other/Billboard/AmericanBoxOffice/nannabeier2-1.png
INFO: [ app_init ] --START--
INFO: Run Behavior\BuildLiteBehavior [ RunTime:0.000011s ]
INFO: [ app_init ] --END-- [ RunTime:0.000448s ]
ERR: Êó†Ê≥ïÂä†ËΩΩÊ®°Âùó:MovieProject

[ 2018-02-24T19:26:47+08:00 ] 127.0.0.1 /MovieProject/Public/Home/Css/hotshowinglist.css
INFO: [ app_init ] --START--
INFO: Run Behavior\BuildLiteBehavior [ RunTime:0.000008s ]
INFO: [ app_init ] --END-- [ RunTime:0.000289s ]
ERR: Êó†Ê≥ïÂä†ËΩΩÊ®°Âùó:MovieProject

 Êó†Ê≥ïÂä†ËΩΩÊ®°Âùó:MovieProject

[ 2018-02-24T19:26:47+08:00 ] 127.0.0.1 /MovieProject/Public/Home/Css/moviemouse_footer.css
INFO: [ app_init ] --START--
INFO: Run Behavior\BuildLiteBehavior [ RunTime:0.000006s ]
INFO: [ app_init ] --END-- [ RunTime:0.000268s ]
ERR: Êó†Ê≥ïÂä†ËΩΩÊ®°Âùó:MovieProject

[ 2018-02-24T19:26:47+08:00 ] 127.0.0.1 /MovieProject/Public/Home/Images/fixation/FixationTop/login.png
INFO: [ app_init ] --START--
INFO: Run Behavior\BuildLiteBehavior [ RunTime:0.000005s ]
INFO: [ app_init ] --END-- [ RunTime:0.000241s ]
ERR: Êó†Ê≥ïÂä†ËΩΩÊ®°Âùó:MovieProject

[ 2018-02-24T19:26:47+08:00 ] 127.0.0.1 /MovieProject/Public/Home/Images/other/Billboard/hotshowing/numberone.jpg
INFO: [ app_init ] --START--
INFO: Run Behavior\BuildLiteBehavior [ RunTime:0.000013s ]
INFO: [ app_init ] --END-- [ RunTime:0.000703s ]
ERR: Êó†Ê≥ïÂä†ËΩΩÊ®°Âùó:MovieProject

[ 2018-02-24T19:26:47+08:00 ] 127.0.0.1 /MovieProject/Public/Home/Css/moviemouse_header.css
INFO: [ app_init ] --START--
INFO: Run Behavior\BuildLiteBehavior [ RunTime:0.000020s ]
INFO: [ app_init ] --END-- [ RunTime:0.000340s ]
ERR: Êó†Ê≥ïÂä†ËΩΩÊ®°Âùó:MovieProject

[ 2018-02-24T19:26:48+08:00 ] 127.0.0.1 /MovieProject/Public/Home/Css/moviemouse_header.css
INFO: [ app_init ] --START--
INFO: Run Behavior\BuildLiteBehavior [ RunTime:0.000010s ]
INFO: [ app_init ] --END-- [ RunTime:0.001063s ]
ERR: Êó†Ê≥ïÂä†ËΩΩÊ®°Âùó:MovieProject

[ 2018-02-24T19:26:48+08:00 ] 127.0.0.1 /MovieProject/Public/Home/Images/fixation/FixationTop/login.png
INFO: [ app_init ] --START--
INFO: Run Behavior\BuildLiteBehavior [ RunTime:0.000010s ]
INFO: [ app_init ] --END-- [ RunTime:0.000335s ]
ERR: Êó†Ê≥ïÂä†ËΩΩÊ®°Âùó:MovieProject

[ 2018-02-24T19:26:48+08:00 ] 127.0.0.1 /MovieProject/Public/Home/Images/other/Billboard/hotshowing/numberone.jpg
INFO: [ app_init ] --START--
INFO: Run Behavior\BuildLiteBehavior [ RunTime:0.000109s ]
INFO: [ app_init ] --END-- [ RunTime:0.000412s ]
ERR: Êó†Ê≥ïÂä†ËΩΩÊ®°Âùó:MovieProject

[ 2018-02-24T19:26:48+08:00 ] 127.0.0.1 /MovieProject/Public/Home/Images/other/Billboard/AmericanBoxOffice/nannabeier2-1.png
INFO: [ app_init ] --START--
INFO: Run Behavior\BuildLiteBehavior [ RunTime:0.000008s ]
INFO: [ app_init ] --END-- [ RunTime:0.000416s ]
ERR: Êó†Ê≥ïÂä†ËΩΩÊ®°Âùó:MovieProject

[ 2018-02-24T19:26:48+08:00 ] 127.0.0.1 /MovieProject/Public/Home/Css/hotshowinglist.css
INFO: [ app_init ] --START--
INFO: Run Behavior\BuildLiteBehavior [ RunTime:0.000007s ]
INFO: [ app_init ] --END-- [ RunTime:0.000361s ]
ERR: Êó†Ê≥ïÂä†ËΩΩÊ®°Âùó:MovieProject

[ 2018-02-24T19:26:48+08:00 ] 127.0.0.1 /MovieProject/Public/Home/Css/moviemouse_footer.css
INFO: [ app_init ] --START--
INFO: Run Behavior\BuildLiteBehavior [ RunTime:0.000006s ]
INFO: [ app_init ] --END-- [ RunTime:0.000321s ]
ERR: Êó†Ê≥ïÂä†ËΩΩÊ®°Âùó:MovieProject

[ 2018-02-24T19:28:00+08:00 ] 127.0.0.1 /MovieProject/Public/Home/Css/moviemouse_footer.css
INFO: [ app_init ] --START--
INFO: Run Behavior\BuildLiteBehavior [ RunTime:0.000006s ]
INFO: [ app_init ] --END-- [ RunTime:0.000273s ]
ERR: Êó†Ê≥ïÂä†ËΩΩÊ®°Âùó:MovieProject

[ 2018-02-24T19:28:00+08:00 ] 127.0.0.1 /MovieProject/Public/Home/Css/hotshowinglist.css
INFO: [ app_init ] --START--
INFO: Run Behavior\BuildLiteBehavior [ RunTime:0.000014s ]
INFO: [ app_init ] --END-- [ RunTime:0.000319s ]
ERR: Êó†Ê≥ïÂä†ËΩΩÊ®°Âùó:MovieProject

[ 2018-02-24T19:28:00+08:00 ] 127.0.0.1 /MovieProject/Public/Home/Images/other/Billboard/hotshowing/numberone.jpg
INFO: [ app_init ] --START--
INFO: Run Behavior\BuildLiteBehavior [ RunTime:0.000008s ]
INFO: [ app_init ] --END-- [ RunTime:0.000320s ]
ERR: Êó†Ê≥ïÂä†ËΩΩÊ®°Âùó:MovieProject

[ 2018-02-24T19:28:00+08:00 ] 127.0.0.1 /MovieProject/Public/Home/Css/moviemouse_header.css
INFO: [ app_init ] --START--
INFO: Run Behavior\BuildLiteBehavior [ RunTime:0.000018s ]
INFO: [ app_init ] --END-- [ RunTime:0.000485s ]
ERR: Êó†Ê≥ïÂä†ËΩΩÊ®°Âùó:MovieProject

[ 2018-02-24T19:28:00+08:00 ] 127.0.0.1 /MovieProject/Public/Home/Images/fixation/FixationTop/login.png
INFO: [ app_init ] --START--
INFO: Run Behavior\BuildLiteBehavior [ RunTime:0.000024s ]
INFO: [ app_init ] --END-- [ RunTime:0.000623s ]
ERR: Êó†Ê≥ïÂä†ËΩΩÊ®°Âùó:MovieProject

[ 2018-02-24T19:28:00+08:00 ] 127.0.0.1 /MovieProject/Public/Home/Images/other/Billboard/AmericanBoxOffice/nannabeier2-1.png
INFO: [ app_init ] --START--
INFO: Run Behavior\BuildLiteBehavior [ RunTime:0.000007s ]
INFO: [ app_init ] --END-- [ RunTime:0.000441s ]
ERR: Êó†Ê≥ïÂä†ËΩΩÊ®°Âùó:MovieProject

[ 2018-02-24T19:28:34+08:00 ] 127.0.0.1 /MovieProject/Public/Home/Css/moviemouse_header.css
INFO: [ app_init ] --START--
INFO: Run Behavior\BuildLiteBehavior [ RunTime:0.000010s ]
INFO: [ app_init ] --END-- [ RunTime:0.000292s ]
ERR: Êó†Ê≥ïÂä†ËΩΩÊ®°Âùó:MovieProject

[ 2018-02-24T19:28:34+08:00 ] 127.0.0.1 /MovieProject/Public/Home/Images/fixation/FixationTop/login.png
INFO: [ app_init ] --START--
INFO: Run Behavior\BuildLiteBehavior [ RunTime:0.000007s ]
INFO: [ app_init ] --END-- [ RunTime:0.000354s ]
ERR: Êó†Ê≥ïÂä†ËΩΩÊ®°Âùó:MovieProject

[ 2018-02-24T19:28:34+08:00 ] 127.0.0.1 /MovieProject/Public/Home/Images/other/Billboard/hotshowing/numberone.jpg
INFO: [ app_init ] --START--
INFO: Run Behavior\BuildLiteBehavior [ RunTime:0.000006s ]
INFO: [ app_init ] --END-- [ RunTime:0.000587s ]
ERR: Êó†Ê≥ïÂä†ËΩΩÊ®°Âùó:MovieProject

[ 2018-02-24T19:28:34+08:00 ] 127.0.0.1 /MovieProject/Public/Home/Css/moviemouse_footer.css
INFO: [ app_init ] --START--
INFO: Run Behavior\BuildLiteBehavior [ RunTime:0.000008s ]
INFO: [ app_init ] --END-- [ RunTime:0.000387s ]
ERR: Êó†Ê≥ïÂä†ËΩΩÊ®°Âùó:MovieProject

[ 2018-02-24T19:28:34+08:00 ] 127.0.0.1 /MovieProject/Public/Home/Images/other/Billboard/AmericanBoxOffice/nannabeier2-1.png
INFO: [ app_init ] --START--
INFO: Run Behavior\BuildLiteBehavior [ RunTime:0.000023s ]
INFO: [ app_init ] --END-- [ RunTime:0.000366s ]
ERR: Êó†Ê≥ïÂä†ËΩΩÊ®°Âùó:MovieProject

[ 2018-02-24T19:28:34+08:00 ] 127.0.0.1 /MovieProject/Public/Home/Css/moviemouse_header.css
INFO: [ app_init ] --START--
INFO: Run Behavior\BuildLiteBehavior [ RunTime:0.000013s ]
INFO: [ app_init ] --END-- [ RunTime:0.000580s ]
ERR: Êó†Ê≥ïÂä†ËΩΩÊ®°Âùó:MovieProject

[ 2018-02-24T19:28:34+08:00 ] 127.0.0.1 /MovieProject/Public/Home/Css/moviemouse_footer.css
INFO: [ app_init ] --START--
INFO: Run Behavior\BuildLiteBehavior [ RunTime:0.000011s ]
INFO: [ app_init ] --END-- [ RunTime:0.000566s ]
ERR: Êó†Ê≥ïÂä†ËΩΩÊ®°Âùó:MovieProject

[ 2018-02-24T19:28:34+08:00 ] 127.0.0.1 /MovieProject/Public/Home/Images/other/Billboard/AmericanBoxOffice/nannabeier2-1.png
INFO: [ app_init ] --START--
INFO: Run Behavior\BuildLiteBehavior [ RunTime:0.000011s ]
INFO: [ app_init ] --END-- [ RunTime:0.000614s ]
ERR: Êó†Ê≥ïÂä†ËΩΩÊ®°Âùó:MovieProject

[ 2018-02-24T19:28:34+08:00 ] 127.0.0.1 /MovieProject/Public/Home/Images/fixation/FixationTop/login.png
INFO: [ app_init ] --START--
INFO: Run Behavior\BuildLiteBehavior [ RunTime:0.000012s ]
INFO: [ app_init ] --END-- [ RunTime:0.000655s ]
ERR: Êó†Ê≥ïÂä†ËΩΩÊ®°Âùó:MovieProject

roject

[ 2018-02-24T19:28:34+08:00 ] 127.0.0.1 /MovieProject/Public/Home/Css/moviemouse_header.css
INFO: [ app_init ] --START--
INFO: Run Behavior\BuildLiteBehavior [ RunTime:0.000007s ]
INFO: [ app_init ] --END-- [ RunTime:0.000321s ]
ERR: Êó†Ê≥ïÂä†ËΩΩÊ®°Âùó:MovieProject

[ 2018-02-24T19:28:34+08:00 ] 127.0.0.1 /MovieProject/Public/Home/Css/moviemouse_footer.css
INFO: [ app_init ] --START--
INFO: Run Behavior\BuildLiteBehavior [ RunTime:0.000007s ]
INFO: [ app_init ] --END-- [ RunTime:0.000339s ]
ERR: Êó†Ê≥ïÂä†ËΩΩÊ®°Âùó:MovieProject

[ 2018-02-24T19:28:34+08:00 ] 127.0.0.1 /MovieProject/Public/Home/Images/other/Billboard/hotshowing/numberone.jpg
INFO: [ app_init ] --START--
INFO: Run Behavior\BuildLiteBehavior [ RunTime:0.000009s ]
INFO: [ app_init ] --END-- [ RunTime:0.000269s ]
ERR: Êó†Ê≥ïÂä†ËΩΩÊ®°Âùó:MovieProject

[ 2018-02-24T19:28:34+08:00 ] 127.0.0.1 /MovieProject/Public/Home/Images/other/Billboard/AmericanBoxOffice/nannabeier2-1.png
INFO: [ app_init ] --START--
INFO: Run Behavior\BuildLiteBehavior [ RunTime:0.000008s ]
INFO: [ app_init ] --END-- [ RunTime:0.000300s ]
ERR: Êó†Ê≥ïÂä†ËΩΩÊ®°Âùó:MovieProject

[ 2018-02-24T19:28:34+08:00 ] 127.0.0.1 /MovieProject/Public/Home/Images/fixation/FixationTop/login.png
INFO: [ app_init ] --START--
INFO: Run Behavior\BuildLiteBehavior [ RunTime:0.000011s ]
INFO: [ app_init ] --END-- [ RunTime:0.000408s ]
ERR: Êó†Ê≥ïÂä†ËΩΩÊ®°Âùó:MovieProject

[ 2018-02-24T19:28:35+08:00 ] 127.0.0.1 /MovieProject/Public/Home/Css/moviemouse_header.css
INFO: [ app_init ] --START--
INFO: Run Behavior\BuildLiteBehavior [ RunTime:0.000007s ]
INFO: [ app_init ] --END-- [ RunTime:0.000316s ]
ERR: Êó†Ê≥ïÂä†ËΩΩÊ®°Âùó:MovieProject

[ 2018-02-24T19:28:35+08:00 ] 127.0.0.1 /MovieProject/Public/Home/Css/moviemouse_footer.css
INFO: [ app_init ] --START--
INFO: Run Behavior\BuildLiteBehavior [ RunTime:0.000006s ]
INFO: [ app_init ] --END-- [ RunTime:0.000358s ]
ERR: Êó†Ê≥ïÂä†ËΩΩÊ®°Âùó:MovieProject

[ 2018-02-24T19:28:35+08:00 ] 127.0.0.1 /MovieProject/Public/Home/Images/other/Billboard/AmericanBoxOffice/nannabeier2-1.png
INFO: [ app_init ] --START--
INFO: Run Behavior\BuildLiteBehavior [ RunTime:0.000009s ]
INFO: [ app_init ] --END-- [ RunTime:0.000428s ]
ERR: Êó†Ê≥ïÂä†ËΩΩÊ®°Âùó:MovieProject

[ 2018-02-24T19:28:35+08:00 ] 127.0.0.1 /MovieProject/Public/Home/Images/fixation/FixationTop/login.png
INFO: [ app_init ] --START--
INFO: Run Behavior\BuildLiteBehavior [ RunTime:0.000010s ]
INFO: [ app_init ] --END-- [ RunTime:0.000494s ]
ERR: Êó†Ê≥ïÂä†ËΩΩÊ®°Âùó:MovieProject

[ 2018-02-24T19:28:35+08:00 ] 127.0.0.1 /MovieProject/Public/Home/Images/other/Billboard/hotshowing/numberone.jpg
INFO: [ app_init ] --START--
INFO: Run Behavior\BuildLiteBehavior [ RunTime:0.000014s ]
INFO: [ app_init ] --END-- [ RunTime:0.000775s ]
ERR: Êó†Ê≥ïÂä†ËΩΩÊ®°Âùó:MovieProject

[ 2018-02-24T19:28:35+08:00 ] 127.0.0.1 /MovieProject/Public/Home/Css/moviemouse_footer.css
INFO: [ app_init ] --START--
INFO: Run Behavior\BuildLiteBehavior [ RunTime:0.000010s ]
INFO: [ app_init ] --END-- [ RunTime:0.000350s ]
ERR: Êó†Ê≥ïÂä†ËΩΩÊ®°Âùó:MovieProject

[ 2018-02-24T19:28:35+08:00 ] 127.0.0.1 /MovieProject/Public/Home/Css/moviemouse_header.css
INFO: [ app_init ] --START--
INFO: Run Behavior\BuildLiteBehavior [ RunTime:0.000008s ]
INFO: [ app_init ] --END-- [ RunTime:0.000394s ]
ERR: Êó†Ê≥ïÂä†ËΩΩÊ®°Âùó:MovieProject

[ 2018-02-24T19:28:35+08:00 ] 127.0.0.1 /MovieProject/Public/Home/Images/other/Billboard/hotshowing/numberone.jpg
INFO: [ app_init ] --START--
INFO: Run Behavior\BuildLiteBehavior [ RunTime:0.000007s ]
INFO: [ app_init ] --END-- [ RunTime:0.000378s ]
ERR: Êó†Ê≥ïÂä†ËΩΩÊ®°Âùó:MovieProject

[ 2018-02-24T19:28:35+08:00 ] 127.0.0.1 /MovieProject/Public/Home/Images/other/Billboard/AmericanBoxOffice/nannabeier2-1.png
INFO: [ app_init ] --START--
INFO: Run Behavior\BuildLiteBehavior [ RunTime:0.000006s ]
INFO: [ app_init ] --END-- [ RunTime:0.000283s ]
ERR: Êó†Ê≥ïÂä†ËΩΩÊ®°Âùó:MovieProject

[ 2018-02-24T19:29:26+08:00 ] 127.0.0.1 /MovieProject/Public/Home/Css/moviemouse_header.css
INFO: [ app_init ] --START--
INFO: Run Behavior\BuildLiteBehavior [ RunTime:0.000007s ]
INFO: [ app_init ] --END-- [ RunTime:0.000302s ]
ERR: Êó†Ê≥ïÂä†ËΩΩÊ®°Âùó:MovieProject

[ 2018-02-24T19:29:26+08:00 ] 127.0.0.1 /MovieProject/Public/Home/Images/fixation/FixationTop/login.png
INFO: [ app_init ] --START--
INFO: Run Behavior\BuildLiteBehavior [ RunTime:0.000007s ]
INFO: [ app_init ] --END-- [ RunTime:0.000300s ]
ERR: Êó†Ê≥ïÂä†ËΩΩÊ®°Âùó:MovieProject

[ 2018-02-24T19:29:26+08:00 ] 127.0.0.1 /MovieProject/Public/Home/Css/hotshowinglist.css
INFO: [ app_init ] --START--
INFO: Run Behavior\BuildLiteBehavior [ RunTime:0.000060s ]
INFO: [ app_init ] --END-- [ RunTime:0.000395s ]
ERR: Êó†Ê≥ïÂä†ËΩΩÊ®°Âùó:MovieProject

[ 2018-02-24T19:29:26+08:00 ] 127.0.0.1 /MovieProject/Public/Home/Css/moviemouse_footer.css
INFO: [ app_init ] --START--
INFO: Run Behavior\BuildLiteBehavior [ RunTime:0.000008s ]
INFO: [ app_init ] --END-- [ RunTime:0.000320s ]
ERR: Êó†Ê≥ïÂä†ËΩΩÊ®°Âùó:MovieProject

[ 2018-02-24T19:29:26+08:00 ] 127.0.0.1 /MovieProject/Public/Home/Images/other/Billboard/AmericanBoxOffice/nannabeier2-1.png
INFO: [ app_init ] --START--
INFO: Run Behavior\BuildLiteBehavior [ RunTime:0.000013s ]
INFO: [ app_init ] --END-- [ RunTime:0.000365s ]
ERR: Êó†Ê≥ïÂä†ËΩΩÊ®°Âùó:MovieProject

[ 2018-02-24T19:29:26+08:00 ] 127.0.0.1 /MovieProject/Public/Home/Images/fixation/FixationTop/login.png
INFO: [ app_init ] --START--
INFO: Run Behavior\BuildLiteBehavior [ RunTime:0.000007s ]
INFO: [ app_init ] --END-- [ RunTime:0.000258s ]
ERR: Êó†Ê≥ïÂä†ËΩΩÊ®°Âùó:MovieProject

[ 2018-02-24T19:29:26+08:00 ] 127.0.0.1 /MovieProject/Public/Home/Css/moviemouse_footer.css
INFO: [ app_init ] --START--
INFO: Run Behavior\BuildLiteBehavior [ RunTime:0.000009s ]
INFO: [ app_init ] --END-- [ RunTime:0.000509s ]
ERR: Êó†Ê≥ïÂä†ËΩΩÊ®°Âùó:MovieProject

[ 2018-02-24T19:29:26+08:00 ] 127.0.0.1 /MovieProject/Public/Home/Css/moviemouse_header.css
INFO: [ app_init ] --START--
INFO: Run Behavior\BuildLiteBehavior [ RunTime:0.000028s ]
INFO: [ app_init ] --END-- [ RunTime:0.000500s ]
ERR: Êó†Ê≥ïÂä†ËΩΩÊ®°Âùó:MovieProject

[ 2018-02-24T19:29:26+08:00 ] 127.0.0.1 /MovieProject/Public/Home/Css/hotshowinglist.css
INFO: [ app_init ] --START--
INFO: Run Behavior\BuildLiteBehavior [ RunTime:0.000011s ]
INFO: [ app_init ] --END-- [ RunTime:0.000799s ]
ERR: Êó†Ê≥ïÂä†ËΩΩÊ®°Âùó:MovieProject

[ 2018-02-24T19:29:26+08:00 ] 127.0.0.1 /MovieProject/Public/Home/Images/other/Billboard/hotshowing/numberone.jpg
INFO: [ app_init ] --START--
INFO: Run Behavior\BuildLiteBehavior [ RunTime:0.000008s ]
INFO: [ app_init ] --END-- [ RunTime:0.000342s ]
ERR: Êó†Ê≥ïÂä†ËΩΩÊ®°Âùó:MovieProject

[ 2018-02-24T19:29:26+08:00 ] 127.0.0.1 /MovieProject/Public/Home/Images/other/Billboard/AmericanBoxOffice/nannabeier2-1.png
INFO: [ app_init ] --START--
INFO: Run Behavior\BuildLiteBehavior [ RunTime:0.000008s ]
INFO: [ app_init ] --END-- [ RunTime:0.000303s ]
ERR: Êó†Ê≥ïÂä†ËΩΩÊ®°Âùó:MovieProject

[ 2018-02-24T19:29:27+08:00 ] 127.0.0.1 /MovieProject/Public/Home/Css/hotshowinglist.css
INFO: [ app_init ] --START--
INFO: Run Behavior\BuildLiteBehavior [ RunTime:0.000009s ]
INFO: [ app_init ] --END-- [ RunTime:0.000307s ]
ERR: Êó†Ê≥ïÂä†ËΩΩÊ®°Âùó:MovieProject

[ 2018-02-24T19:29:27+08:00 ] 127.0.0.1 /MovieProject/Public/Home/Images/fixation/FixationTop/login.png
INFO: [ app_init ] --START--
INFO: Run Behavior\BuildLiteBehavior [ RunTime:0.000011s ]
INFO: [ app_init ] --END-- [ RunTime:0.000280s ]
ERR: Êó†Ê≥ïÂä†ËΩΩÊ®°Âùó:MovieProject

[ 2018-02-24T19:29:27+08:00 ] 127.0.0.1 /MovieProject/Public/Home/Images/other/Billboard/hotshowing/numberone.jpg
INFO: [ app_init ] --START--
INFO: Run Behavior\BuildLiteBehavior [ RunTime:0.000019s ]
INFO: [ app_init ] --END-- [ RunTime:0.000605s ]
ERR: Êó†Ê≥ïÂä†ËΩΩÊ®°Âùó:MovieProject

[ 2018-02-24T19:29:27+08:00 ] 127.0.0.1 /MovieProject/Public/Home/Images/other/Billboard/AmericanBoxOffice/nannabeier2-1.png
INFO: [ app_init ] --START--
INFO: Run Behavior\BuildLiteBehavior [ RunTime:0.000018s ]
INFO: [ app_init ] --END-- [ RunTime:0.000517s ]
ERR: Êó†Ê≥ïÂä†ËΩΩÊ®°Âùó:MovieProject

[ 2018-02-24T19:29:27+08:00 ] 127.0.0.1 /MovieProject/Public/Home/Css/moviemouse_header.css
INFO: [ app_init ] --START--
INFO: Run Behavior\BuildLiteBehavior [ RunTime:0.000008s ]
INFO: [ app_init ] --END-- [ RunTime:0.000361s ]
ERR: Êó†Ê≥ïÂä†ËΩΩÊ®°Âùó:MovieProject

[ 2018-02-24T19:29:27+08:00 ] 127.0.0.1 /MovieProject/Public/Home/Css/moviemouse_footer.css
INFO: [ app_init ] --START--
INFO: Run Behavior\BuildLiteBehavior [ RunTime:0.000017s ]
INFO: [ app_init ] --END-- [ RunTime:0.000536s ]
ERR: Êó†Ê≥ïÂä†ËΩΩÊ®°Âùó:MovieProject

[ 2018-02-24T19:29:27+08:00 ] 127.0.0.1 /MovieProject/Public/Home/Images/other/Billboard/AmericanBoxOffice/nannabeier2-1.png
INFO: [ app_init ] --START--
INFO: Run Behavior\BuildLiteBehavior [ RunTime:0.000006s ]
INFO: [ app_init ] --END-- [ RunTime:0.000261s ]
ERR: Êó†Ê≥ïÂä†ËΩΩÊ®°Âùó:MovieProject

[ 2018-02-24T19:29:27+08:00 ] 127.0.0.1 /MovieProject/Public/Home/Css/moviemouse_footer.css
INFO: [ app_init ] --START--
INFO: Run Behavior\BuildLiteBehavior [ RunTime:0.000007s ]
INFO: [ app_init ] --END-- [ RunTime:0.000335s ]
ERR: Êó†Ê≥ïÂä†ËΩΩÊ®°Âùó:MovieProject

[ 2018-02-24T19:29:27+08:00 ] 127.0.0.1 /MovieProject/Public/Home/Css/hotshowinglist.css
INFO: [ app_init ] --START--
INFO: Run Behavior\BuildLiteBehavior [ RunTime:0.000007s ]
INFO: [ app_init ] --END-- [ RunTime:0.000276s ]
ERR: Êó†Ê≥ïÂä†ËΩΩÊ®°Âùó:MovieProject

[ 2018-02-24T19:29:27+08:00 ] 127.0.0.1 /MovieProject/Public/Home/Images/other/Billboard/hotshowing/numberone.jpg
INFO: [ app_init ] --START--
INFO: Run Behavior\BuildLiteBehavior [ RunTime:0.000012s ]
INFO: [ app_init ] --END-- [ RunTime:0.000336s ]
ERR: Êó†Ê≥ïÂä†ËΩΩÊ®°Âùó:MovieProject

[ 2018-02-24T19:29:27+08:00 ] 127.0.0.1 /MovieProject/Public/Home/Css/moviemouse_header.css
INFO: [ app_init ] --START--
INFO: Run Behavior\BuildLiteBehavior [ RunTime:0.000008s ]
INFO: [ app_init ] --END-- [ RunTime:0.000385s ]
ERR: Êó†Ê≥ïÂä†ËΩΩÊ®°Âùó:MovieProject

[ 2018-02-24T19:29:27+08:00 ] 127.0.0.1 /MovieProject/Public/Home/Images/fixation/FixationTop/login.png
INFO: [ app_init ] --START--
INFO: Run Behavior\BuildLiteBehavior [ RunTime:0.000069s ]
INFO: [ app_init ] --END-- [ RunTime:0.000360s ]
ERR: Êó†Ê≥ïÂä†ËΩΩÊ®°Âùó:MovieProject

[ 2018-02-24T19:29:28+08:00 ] 127.0.0.1 /MovieProject/Public/Home/Css/moviemouse_header.css
INFO: [ app_init ] --START--
INFO: Run Behavior\BuildLiteBehavior [ RunTime:0.000018s ]
INFO: [ app_init ] --END-- [ RunTime:0.000465s ]
ERR: Êó†Ê≥ïÂä†ËΩΩÊ®°Âùó:MovieProject

[ 2018-02-24T19:29:28+08:00 ] 127.0.0.1 /MovieProject/Public/Home/Css/hotshowinglist.css
INFO: [ app_init ] --START--
INFO: Run Behavior\BuildLiteBehavior [ RunTime:0.000006s ]
INFO: [ app_init ] --END-- [ RunTime:0.000343s ]
ERR: Êó†Ê≥ïÂä†ËΩΩÊ®°Âùó:MovieProject

[ 2018-02-24T19:29:28+08:00 ] 127.0.0.1 /MovieProject/Public/Home/Images/fixation/FixationTop/login.png
INFO: [ app_init ] --START--
INFO: Run Behavior\BuildLiteBehavior [ RunTime:0.000005s ]
INFO: [ app_init ] --END-- [ RunTime:0.000283s ]
ERR: Êó†Ê≥ïÂä†ËΩΩÊ®°Âùó:MovieProject

[ 2018-02-24T19:29:28+08:00 ] 127.0.0.1 /MovieProject/Public/Home/Css/moviemouse_footer.css
INFO: [ app_init ] --START--
INFO: Run Behavior\BuildLiteBehavior [ RunTime:0.000006s ]
INFO: [ app_init ] --END-- [ RunTime:0.000335s ]
ERR: Êó†Ê≥ïÂä†ËΩΩÊ®°Âùó:MovieProject

[ 2018-02-24T19:29:28+08:00 ] 127.0.0.1 /MovieProject/Public/Home/Images/other/Billboard/AmericanBoxOffice/nannabeier2-1.png
INFO: [ app_init ] --START--
INFO: Run Behavior\BuildLiteBehavior [ RunTime:0.000013s ]
INFO: [ app_init ] --END-- [ RunTime:0.000419s ]
ERR: Êó†Ê≥ïÂä†ËΩΩÊ®°Âùó:MovieProject

[ 2018-02-24T19:29:28+08:00 ] 127.0.0.1 /MovieProject/Public/Home/Images/other/Billboard/hotshowing/numberone.jpg
INFO: [ app_init ] --START--
INFO: Run Behavior\BuildLiteBehavior [ RunTime:0.000017s ]
INFO: [ app_init ] --END-- [ RunTime:0.000373s ]
ERR: Êó†Ê≥ïÂä†ËΩΩÊ®°Âùó:MovieProject

[ 2018-02-24T20:01:52+08:00 ] 127.0.0.1 /MovieProject/Public/Home/Css/moviemouse_header.css
INFO: [ app_init ] --START--
INFO: Run Behavior\BuildLiteBehavior [ RunTime:0.000005s ]
INFO: [ app_init ] --END-- [ RunTime:0.000248s ]
ERR: Êó†Ê≥ïÂä†ËΩΩÊ®°Âùó:MovieProject

[ 2018-02-24T20:01:52+08:00 ] 127.0.0.1 /MovieProject/Public/Home/Images/other/Billboard/hotshowing/numberone.jpg
INFO: [ app_init ] --START--
INFO: Run Behavior\BuildLiteBehavior [ RunTime:0.000008s ]
INFO: [ app_init ] --END-- [ RunTime:0.000297s ]
ERR: Êó†Ê≥ïÂä†ËΩΩÊ®°Âùó:MovieProject

[ 2018-02-24T20:01:52+08:00 ] 127.0.0.1 /MovieProject/Public/Home/Css/moviemouse_footer.css
INFO: [ app_init ] --START--
INFO: Run Behavior\BuildLiteBehavior [ RunTime:0.000008s ]
INFO: [ app_init ] --END-- [ RunTime:0.001247s ]
ERR: Êó†Ê≥ïÂä†ËΩΩÊ®°Âùó:MovieProject

[ 2018-02-24T20:01:52+08:00 ] 127.0.0.1 /MovieProject/Public/Home/Css/hotshowinglist.css
INFO: [ app_init ] --START--
INFO: Run Behavior\BuildLiteBehavior [ RunTime:0.000007s ]
INFO: [ app_init ] --END-- [ RunTime:0.000672s ]
ERR: Êó†Ê≥ïÂä†ËΩΩÊ®°Âùó:MovieProject

[ 2018-02-24T20:01:52+08:00 ] 127.0.0.1 /MovieProject/Public/Home/Images/other/Billboard/AmericanBoxOffice/nannabeier2-1.png
INFO: [ app_init ] --START--
INFO: Run Behavior\BuildLiteBehavior [ RunTime:0.000014s ]
INFO: [ app_init ] --END-- [ RunTime:0.000909s ]
ERR: Êó†Ê≥ïÂä†ËΩΩÊ®°Âùó:MovieProject

[ 2018-02-24T20:01:52+08:00 ] 127.0.0.1 /MovieProject/Public/Home/Images/fixation/FixationTop/login.png
INFO: [ app_init ] --START--
INFO: Run Behavior\BuildLiteBehavior [ RunTime:0.000010s ]
INFO: [ app_init ] --END-- [ RunTime:0.000304s ]
ERR: Êó†Ê≥ïÂä†ËΩΩÊ®°Âùó:MovieProject

[ 2018-02-24T20:01:52+08:00 ] 127.0.0.1 /MovieProject/Public/Home/Css/hotshowinglist.css
INFO: [ app_init ] --START--
INFO: Run Behavior\BuildLiteBehavior [ RunTime:0.000008s ]
INFO: [ app_init ] --END-- [ RunTime:0.000474s ]
ERR: Êó†Ê≥ïÂä†ËΩΩÊ®°Âùó:MovieProject

[ 2018-02-24T20:01:52+08:00 ] 127.0.0.1 /MovieProject/Public/Home/Css/moviemouse_footer.css
INFO: [ app_init ] --START--
INFO: Run Behavior\BuildLiteBehavior [ RunTime:0.000008s ]
INFO: [ app_init ] --END-- [ RunTime:0.000566s ]
ERR: Êó†Ê≥ïÂä†ËΩΩÊ®°Âùó:MovieProject

[ 2018-02-24T20:01:52+08:00 ] 127.0.0.1 /MovieProject/Public/Home/Images/fixation/FixationTop/login.png
INFO: [ app_init ] --START--
INFO: Run Behavior\BuildLiteBehavior [ RunTime:0.000007s ]
INFO: [ app_init ] --END-- [ RunTime:0.000263s ]
ERR: Êó†Ê≥ïÂä†ËΩΩÊ®°Âùó:MovieProject

[ 2018-02-24T20:01:52+08:00 ] 127.0.0.1 /MovieProject/Public/Home/Images/other/Billboard/AmericanBoxOffice/nannabeier2-1.png
INFO: [ app_init ] --START--
INFO: Run Behavior\BuildLiteBehavior [ RunTime:0.000010s ]
INFO: [ app_init ] --END-- [ RunTime:0.000424s ]
ERR: Êó†Ê≥ïÂä†ËΩΩÊ®°Âùó:MovieProject

[ 2018-02-24T20:01:52+08:00 ] 127.0.0.1 /MovieProject/Public/Home/Images/other/Billboard/hotshowing/numberone.jpg
INFO: [ app_init ] --START--
INFO: Run Behavior\BuildLiteBehavior [ RunTime:0.000014s ]
INFO: [ app_init ] --END-- [ RunTime:0.000666s ]
ERR: Êó†Ê≥ïÂä†ËΩΩÊ®°Âùó:MovieProject

[ 2018-02-24T20:01:52+08:00 ] 127.0.0.1 /MovieProject/Public/Home/Css/moviemouse_header.css
INFO: [ app_init ] --START--
INFO: Run Behavior\BuildLiteBehavior [ RunTime:0.000009s ]
INFO: [ app_init ] --END-- [ RunTime:0.000515s ]
ERR: Êó†Ê≥ïÂä†ËΩΩÊ®°Âùó:MovieProject

[ 2018-02-24T20:01:53+08:00 ] 127.0.0.1 /MovieProject/Public/Home/Images/other/Billboard/AmericanBoxOffice/nannabeier2-1.png
INFO: [ app_init ] --START--
INFO: Run Behavior\BuildLiteBehavior [ RunTime:0.000007s ]
INFO: [ app_init ] --END-- [ RunTime:0.000252s ]
ERR: Êó†Ê≥ïÂä†ËΩΩÊ®°Âùó:MovieProject

[ 2018-02-24T20:01:53+08:00 ] 127.0.0.1 /MovieProject/Public/Home/Css/hotshowinglist.css
INFO: [ app_init ] --START--
INFO: Run Behavior\BuildLiteBehavior [ RunTime:0.000006s ]
INFO: [ app_init ] --END-- [ RunTime:0.000283s ]
ERR: Êó†Ê≥ïÂä†ËΩΩÊ®°Âùó:MovieProject

[ 2018-02-24T20:01:53+08:00 ] 127.0.0.1 /MovieProject/Public/Home/Css/moviemouse_footer.css
INFO: [ app_init ] --START--
INFO: Run Behavior\BuildLiteBehavior [ RunTime:0.000006s ]
INFO: [ app_init ] --END-- [ RunTime:0.000369s ]
ERR: Êó†Ê≥ïÂä†ËΩΩÊ®°Âùó:MovieProject

[ 2018-02-24T20:01:53+08:00 ] 127.0.0.1 /MovieProject/Public/Home/Css/moviemouse_header.css
INFO: [ app_init ] --START--
INFO: Run Behavior\BuildLiteBehavior [ RunTime:0.000009s ]
INFO: [ app_init ] --END-- [ RunTime:0.000267s ]
ERR: Êó†Ê≥ïÂä†ËΩΩÊ®°Âùó:MovieProject

[ 2018-02-24T20:01:53+08:00 ] 127.0.0.1 /MovieProject/Public/Home/Images/fixation/FixationTop/login.png
INFO: [ app_init ] --START--
INFO: Run Behavior\BuildLiteBehavior [ RunTime:0.000007s ]
INFO: [ app_init ] --END-- [ RunTime:0.000379s ]
ERR: Êó†Ê≥ïÂä†ËΩΩÊ®°Âùó:MovieProject

roject

[ 2018-02-24T20:01:53+08:00 ] 127.0.0.1 /MovieProject/Public/Home/Images/fixation/FixationTop/login.png
INFO: [ app_init ] --START--
INFO: Run Behavior\BuildLiteBehavior [ RunTime:0.000006s ]
INFO: [ app_init ] --END-- [ RunTime:0.000242s ]
ERR: Êó†Ê≥ïÂä†ËΩΩÊ®°Âùó:MovieProject

[ 2018-02-24T20:01:53+08:00 ] 127.0.0.1 /MovieProject/Public/Home/Css/hotshowinglist.css
INFO: [ app_init ] --START--
INFO: Run Behavior\BuildLiteBehavior [ RunTime:0.000006s ]
INFO: [ app_init ] --END-- [ RunTime:0.000312s ]
ERR: Êó†Ê≥ïÂä†ËΩΩÊ®°Âùó:MovieProject

[ 2018-02-24T20:01:53+08:00 ] 127.0.0.1 /MovieProject/Public/Home/Css/moviemouse_footer.css
INFO: [ app_init ] --START--
INFO: Run Behavior\BuildLiteBehavior [ RunTime:0.000008s ]
INFO: [ app_init ] --END-- [ RunTime:0.000589s ]
ERR: Êó†Ê≥ïÂä†ËΩΩÊ®°Âùó:MovieProject

[ 2018-02-24T20:01:53+08:00 ] 127.0.0.1 /MovieProject/Public/Home/Css/moviemouse_header.css
INFO: [ app_init ] --START--
INFO: Run Behavior\BuildLiteBehavior [ RunTime:0.000111s ]
INFO: [ app_init ] --END-- [ RunTime:0.000473s ]
ERR: Êó†Ê≥ïÂä†ËΩΩÊ®°Âùó:MovieProject

[ 2018-02-24T20:01:53+08:00 ] 127.0.0.1 /MovieProject/Public/Home/Images/other/Billboard/hotshowing/numberone.jpg
INFO: [ app_init ] --START--
INFO: Run Behavior\BuildLiteBehavior [ RunTime:0.000005s ]
INFO: [ app_init ] --END-- [ RunTime:0.000474s ]
ERR: Êó†Ê≥ïÂä†ËΩΩÊ®°Âùó:MovieProject

[ 2018-02-24T20:01:53+08:00 ] 127.0.0.1 /MovieProject/Public/Home/Images/other/Billboard/AmericanBoxOffice/nannabeier2-1.png
INFO: [ app_init ] --START--
INFO: Run Behavior\BuildLiteBehavior [ RunTime:0.000008s ]
INFO: [ app_init ] --END-- [ RunTime:0.000596s ]
ERR: Êó†Ê≥ïÂä†ËΩΩÊ®°Âùó:MovieProject

[ 2018-02-24T20:01:53+08:00 ] 127.0.0.1 /MovieProject/Public/Home/Images/other/Billboard/AmericanBoxOffice/nannabeier2-1.png
INFO: [ app_init ] --START--
INFO: Run Behavior\BuildLiteBehavior [ RunTime:0.000007s ]
INFO: [ app_init ] --END-- [ RunTime:0.000277s ]
ERR: Êó†Ê≥ïÂä†ËΩΩÊ®°Âùó:MovieProject

[ 2018-02-24T20:01:53+08:00 ] 127.0.0.1 /MovieProject/Public/Home/Css/moviemouse_footer.css
INFO: [ app_init ] --START--
INFO: Run Behavior\BuildLiteBehavior [ RunTime:0.000006s ]
INFO: [ app_init ] --END-- [ RunTime:0.000273s ]
ERR: Êó†Ê≥ïÂä†ËΩΩÊ®°Âùó:MovieProject

[ 2018-02-24T20:01:53+08:00 ] 127.0.0.1 /MovieProject/Public/Home/Css/hotshowinglist.css
INFO: [ app_init ] --START--
INFO: Run Behavior\BuildLiteBehavior [ RunTime:0.000005s ]
INFO: [ app_init ] --END-- [ RunTime:0.000252s ]
ERR: Êó†Ê≥ïÂä†ËΩΩÊ®°Âùó:MovieProject

[ 2018-02-24T20:01:53+08:00 ] 127.0.0.1 /MovieProject/Public/Home/Css/moviemouse_header.css
INFO: [ app_init ] --START--
INFO: Run Behavior\BuildLiteBehavior [ RunTime:0.000006s ]
INFO: [ app_init ] --END-- [ RunTime:0.000410s ]
ERR: Êó†Ê≥ïÂä†ËΩΩÊ®°Âùó:MovieProject

[ 2018-02-24T20:01:53+08:00 ] 127.0.0.1 /MovieProject/Public/Home/Images/other/Billboard/hotshowing/numberone.jpg
INFO: [ app_init ] --START--
INFO: Run Behavior\BuildLiteBehavior [ RunTime:0.000007s ]
INFO: [ app_init ] --END-- [ RunTime:0.000446s ]
ERR: Êó†Ê≥ïÂä†ËΩΩÊ®°Âùó:MovieProject

[ 2018-02-24T20:01:53+08:00 ] 127.0.0.1 /MovieProject/Public/Home/Images/fixation/FixationTop/login.png
INFO: [ app_init ] --START--
INFO: Run Behavior\BuildLiteBehavior [ RunTime:0.000009s ]
INFO: [ app_init ] --END-- [ RunTime:0.000388s ]
ERR: Êó†Ê≥ïÂä†ËΩΩÊ®°Âùó:MovieProject

